This file contains any messages produced by compilers while
running configure, to aid debugging if configure makes a mistake.

It was created by configure, which was
generated by GNU Autoconf 2.69.  Invocation command line was

  $ ./configure --no-create --no-recursion

## --------- ##
## Platform. ##
## --------- ##

hostname = jackey-computer
uname -m = x86_64
uname -r = 3.5.0-28-generic
uname -s = Linux
uname -v = #48-Ubuntu SMP Tue Apr 23 23:03:38 UTC 2013

/usr/bin/uname -p = unknown
/bin/uname -X     = unknown

/bin/arch              = unknown
/usr/bin/arch -k       = unknown
/usr/convex/getsysinfo = unknown
/usr/bin/hostinfo      = unknown
/bin/machine           = unknown
/usr/bin/oslevel       = unknown
/bin/universe          = unknown

PATH: /usr/local/lib/ZendFramework/bin
PATH: /home/jackey/Komodo-IDE-8/bin
PATH: /home/jackey/workspace/android-studio/bin
PATH: /home/jackey/bin/Sencha/Cmd/3.1.2.342
PATH: /home/jackey/bin/Sencha/Cmd/3.1.2.342
PATH: /usr/local/bin/Sencha/Cmd/3.1.2.342
PATH: /home/jackey/workspace/hadoop-0.19.0/bin
PATH: /home/jackey/bin/Sencha/Cmd/3.1.2.342
PATH: /usr/local/bin/Sencha/Cmd/3.1.2.342
PATH: /home/jackey/bin
PATH: /usr/lib/lightdm/lightdm
PATH: /usr/local/sbin
PATH: /usr/local/bin
PATH: /usr/sbin
PATH: /usr/bin
PATH: /sbin
PATH: /bin
PATH: /usr/games
PATH: /usr/local/games
PATH: /home/jackey/workspace/adt-bundle-linux-x86_64-20130219/sdk/tools
PATH: /usr/local/bin/Sencha/Cmd/3.1.2.342/
PATH: /home/jackey/workspace/adt-bundle-linux-x86_64-20130219/sdk/platform-tools
PATH: /home/jackey/scripts
PATH: /home/jackey/workspace/go/bin
PATH: /home/jackey/workspace/zendframework/bin/
PATH: /usr/local/lib/ZendFramework/bin/
PATH: /home/jackey/workspace/adt-bundle-linux-x86_64-20130219/sdk/tools
PATH: /home/jackey/workspace/adt-bundle-linux-x86_64-20130219/sdk/platform-tools


## ----------- ##
## Core tests. ##
## ----------- ##

configure:1818: checking for a BSD-compatible install
configure:1886: result: /usr/bin/install -c
configure:1897: checking whether build environment is sane
configure:1947: result: yes
configure:2088: checking for a thread-safe mkdir -p
configure:2127: result: /bin/mkdir -p
configure:2140: checking for gawk
configure:2156: found /usr/bin/gawk
configure:2167: result: gawk
configure:2178: checking whether make sets $(MAKE)
configure:2200: result: yes
configure:2330: checking for gcc
configure:2346: found /usr/bin/gcc
configure:2357: result: gcc
configure:2586: checking for C compiler version
configure:2595: gcc --version >&5
gcc (Ubuntu/Linaro 4.7.2-2ubuntu1) 4.7.2
Copyright (C) 2012 Free Software Foundation, Inc.
This is free software; see the source for copying conditions.  There is NO
warranty; not even for MERCHANTABILITY or FITNESS FOR A PARTICULAR PURPOSE.

configure:2606: $? = 0
configure:2595: gcc -v >&5
Using built-in specs.
COLLECT_GCC=gcc
COLLECT_LTO_WRAPPER=/usr/lib/gcc/x86_64-linux-gnu/4.7/lto-wrapper
Target: x86_64-linux-gnu
Configured with: ../src/configure -v --with-pkgversion='Ubuntu/Linaro 4.7.2-2ubuntu1' --with-bugurl=file:///usr/share/doc/gcc-4.7/README.Bugs --enable-languages=c,c++,go,fortran,objc,obj-c++ --prefix=/usr --program-suffix=-4.7 --enable-shared --enable-linker-build-id --with-system-zlib --libexecdir=/usr/lib --without-included-gettext --enable-threads=posix --with-gxx-include-dir=/usr/include/c++/4.7 --libdir=/usr/lib --enable-nls --with-sysroot=/ --enable-clocale=gnu --enable-libstdcxx-debug --enable-libstdcxx-time=yes --enable-gnu-unique-object --enable-plugin --enable-objc-gc --disable-werror --with-arch-32=i686 --with-tune=generic --enable-checking=release --build=x86_64-linux-gnu --host=x86_64-linux-gnu --target=x86_64-linux-gnu
Thread model: posix
gcc version 4.7.2 (Ubuntu/Linaro 4.7.2-2ubuntu1) 
configure:2606: $? = 0
configure:2595: gcc -V >&5
gcc: error: unrecognized command line option '-V'
gcc: fatal error: no input files
compilation terminated.
configure:2606: $? = 4
configure:2595: gcc -qversion >&5
gcc: error: unrecognized command line option '-qversion'
gcc: fatal error: no input files
compilation terminated.
configure:2606: $? = 4
configure:2626: checking whether the C compiler works
configure:2648: gcc    conftest.c  >&5
configure:2652: $? = 0
configure:2700: result: yes
configure:2703: checking for C compiler default output file name
configure:2705: result: a.out
configure:2711: checking for suffix of executables
configure:2718: gcc -o conftest    conftest.c  >&5
configure:2722: $? = 0
configure:2744: result: 
configure:2766: checking whether we are cross compiling
configure:2774: gcc -o conftest    conftest.c  >&5
configure:2778: $? = 0
configure:2785: ./conftest
configure:2789: $? = 0
configure:2804: result: no
configure:2809: checking for suffix of object files
configure:2831: gcc -c   conftest.c >&5
configure:2835: $? = 0
configure:2856: result: o
configure:2860: checking whether we are using the GNU C compiler
configure:2879: gcc -c   conftest.c >&5
configure:2879: $? = 0
configure:2888: result: yes
configure:2897: checking whether gcc accepts -g
configure:2917: gcc -c -g  conftest.c >&5
configure:2917: $? = 0
configure:2958: result: yes
configure:2975: checking for gcc option to accept ISO C89
configure:3038: gcc  -c -g -O2  conftest.c >&5
configure:3038: $? = 0
configure:3051: result: none needed
configure:3082: checking for style of include used by make
configure:3110: result: GNU
configure:3136: checking dependency style of gcc
configure:3247: result: gcc3
configure:3439: creating ./config.status

## ---------------- ##
## Cache variables. ##
## ---------------- ##

ac_cv_c_compiler_gnu=yes
ac_cv_env_CC_set=
ac_cv_env_CC_value=
ac_cv_env_CFLAGS_set=
ac_cv_env_CFLAGS_value=
ac_cv_env_CPPFLAGS_set=
ac_cv_env_CPPFLAGS_value=
ac_cv_env_LDFLAGS_set=
ac_cv_env_LDFLAGS_value=
ac_cv_env_LIBS_set=
ac_cv_env_LIBS_value=
ac_cv_env_build_alias_set=
ac_cv_env_build_alias_value=
ac_cv_env_host_alias_set=
ac_cv_env_host_alias_value=
ac_cv_env_target_alias_set=
ac_cv_env_target_alias_value=
ac_cv_objext=o
ac_cv_path_install='/usr/bin/install -c'
ac_cv_path_mkdir=/bin/mkdir
ac_cv_prog_AWK=gawk
ac_cv_prog_ac_ct_CC=gcc
ac_cv_prog_cc_c89=
ac_cv_prog_cc_g=yes
ac_cv_prog_make_make_set=yes
am_cv_CC_dependencies_compiler_type=gcc3

## ----------------- ##
## Output variables. ##
## ----------------- ##

ACLOCAL='${SHELL} /home/jackey/workspace/sandbox/sandbox/smanagement/missing --run aclocal-1.11'
AMDEPBACKSLASH='\'
AMDEP_FALSE='#'
AMDEP_TRUE=''
AMTAR='$${TAR-tar}'
AUTOCONF='${SHELL} /home/jackey/workspace/sandbox/sandbox/smanagement/missing --run autoconf'
AUTOHEADER='${SHELL} /home/jackey/workspace/sandbox/sandbox/smanagement/missing --run autoheader'
AUTOMAKE='${SHELL} /home/jackey/workspace/sandbox/sandbox/smanagement/missing --run automake-1.11'
AWK='gawk'
CC='gcc'
CCDEPMODE='depmode=gcc3'
CFLAGS='-g -O2'
CPPFLAGS=''
CYGPATH_W='echo'
DEFS='-DPACKAGE_NAME=\"\" -DPACKAGE_TARNAME=\"\" -DPACKAGE_VERSION=\"\" -DPACKAGE_STRING=\"\" -DPACKAGE_BUGREPORT=\"\" -DPACKAGE_URL=\"\" -DPACKAGE=\"smanagement\" -DVERSION=\"1.0\"'
DEPDIR='.deps'
ECHO_C=''
ECHO_N='-n'
ECHO_T=''
EXEEXT=''
INSTALL_DATA='${INSTALL} -m 644'
INSTALL_PROGRAM='${INSTALL}'
INSTALL_SCRIPT='${INSTALL}'
INSTALL_STRIP_PROGRAM='$(install_sh) -c -s'
LDFLAGS=''
LIBOBJS=''
LIBS=''
LTLIBOBJS=''
MAKEINFO='${SHELL} /home/jackey/workspace/sandbox/sandbox/smanagement/missing --run makeinfo'
MKDIR_P='/bin/mkdir -p'
OBJEXT='o'
PACKAGE='smanagement'
PACKAGE_BUGREPORT=''
PACKAGE_NAME=''
PACKAGE_STRING=''
PACKAGE_TARNAME=''
PACKAGE_URL=''
PACKAGE_VERSION=''
PATH_SEPARATOR=':'
SET_MAKE=''
SHELL='/bin/bash'
STRIP=''
VERSION='1.0'
ac_ct_CC='gcc'
am__EXEEXT_FALSE=''
am__EXEEXT_TRUE='#'
am__fastdepCC_FALSE='#'
am__fastdepCC_TRUE=''
am__include='include'
am__isrc=''
am__leading_dot='.'
am__nodep='_no'
am__quote=''
am__tar='$${TAR-tar} chof - "$$tardir"'
am__untar='$${TAR-tar} xf -'
bindir='${exec_prefix}/bin'
build_alias=''
datadir='${datarootdir}'
datarootdir='${prefix}/share'
docdir='${datarootdir}/doc/${PACKAGE}'
dvidir='${docdir}'
exec_prefix='${prefix}'
host_alias=''
htmldir='${docdir}'
includedir='${prefix}/include'
infodir='${datarootdir}/info'
install_sh='${SHELL} /home/jackey/workspace/sandbox/sandbox/smanagement/install-sh'
libdir='${exec_prefix}/lib'
libexecdir='${exec_prefix}/libexec'
localedir='${datarootdir}/locale'
localstatedir='${prefix}/var'
mandir='${datarootdir}/man'
mkdir_p='/bin/mkdir -p'
oldincludedir='/usr/include'
pdfdir='${docdir}'
prefix='/usr/local'
program_transform_name='s,x,x,'
psdir='${docdir}'
sbindir='${exec_prefix}/sbin'
sharedstatedir='${prefix}/com'
sysconfdir='${prefix}/etc'
target_alias=''

## ----------- ##
## confdefs.h. ##
## ----------- ##

/* confdefs.h */
#define PACKAGE_NAME ""
#define PACKAGE_TARNAME ""
#define PACKAGE_VERSION ""
#define PACKAGE_STRING ""
#define PACKAGE_BUGREPORT ""
#define PACKAGE_URL ""
#define PACKAGE "smanagement"
#define VERSION "1.0"

configure: exit 0

## ---------------------- ##
## Running config.status. ##
## ---------------------- ##

This file was extended by config.status, which was
generated by GNU Autoconf 2.69.  Invocation command line was

  CONFIG_FILES    = 
  CONFIG_HEADERS  = 
  CONFIG_LINKS    = 
  CONFIG_COMMANDS = 
  $ ./config.status 

on jackey-computer

config.status:768: creating Makefile
config.status:940: executing depfiles commands
